STEP translation to Solid Edge
Date: Thursday,February 22,2024 07:09pm
Source File: D:\Programming\CAD\HRG\HRGCADs\Cavityplate243\PY005_M-Step.step
Author: admin
Organization: Unknown
Source System: SolidWorks 2012

Hardware:
Processor: Intel(R) Core(TM) i7-9700K CPU @ 3.60GHz
Operating System: Windows 11 Version:23H2 Build:22631 System Type:64-bit
Installed Memory: 31.93 GB

Software Information
Parasolid Version: 35.0.149
PSBodyShop Version: 35.0.82
Step Adapter Version: 11.0.82
Solid Edge Version: 223.00.00.101 x64

Step Import Options
Import Faceted Bodies: On
Import Check Bodies: Off
Import Curves: On
Import DoNotSave: On
Import Multiple Bodies As Single Part File: On
Import Stitch Surfaces: On
Import Boolean Solids: On
Make Base Feature: On
Simplify Geometry: On
Import Imprint Curves: On
Import Drive: C:
Import Stitch Surfaces: On
Import Surfaces: On
Import Output Path: D:\Programming\CAD\HRG\HRGCADs\Cavityplate243
Import Enable Default Output Path: On
Import PMI: Off
Import As Internal Components: Off
Import Path: 

Translating to Parasolid data types...
Translation process completed
Total time required to translate and post process:00 : 00 : 10
