Solid Edge Translation to STEP
Date: Wednesday,February 14,2024 10:46am
Output File: D:\Programming\CAD\HRG\HRGCADs\Doubler acoustic isolation243\shortwall243.stp
Author: Unknown
Organization: Unknown
Source System: Solid Edge

Hardware:
Processor: Intel(R) Core(TM) i7-9700K CPU @ 3.60GHz
Operating System: Windows 11 Version:23H2 Build:22631 System Type:64-bit
Installed Memory: 31.93 GB

Software Information
Parasolid Version: 36.0.142
PSBodyShop Version: 36.0.108
Step Adapter Version: 13.0.163
Solid Edge Version: 224.00.00.101 x64

STEP Export Options
Export Format: AP214
Export Construction Sheets: Off
Export Construction Solids: Off
Export Construction Wires: Off
Export Displayed Parts Only: Off
Export Units: Millimeters
Export Part Component Names As Unicode: Off
Export PMI: Off

Phase 1 of 1 Translating Parasolid to foreign data types...
Translation process completed
Time required to translate:00 : 00 : 00
