Solid Edge Translation to STEP
Date: Friday,May 10,2024 11:16am
Output File: C:\Users\OWNER\Documents\HRG\CADs\RoomTCell60mm\TeflonCellNew.stp
Author: Unknown
Organization: Unknown
Source System: Solid Edge

Hardware:
Processor: Intel(R) Core(TM) i5-8365U CPU @ 1.60GHz
Operating System: Windows 11 Professional Version:23H2 Build:22631 System Type:64-bit
Installed Memory: 7.8 GB

Software Information
Parasolid Version: 35.0.149
PSBodyShop Version: 35.0.82
Step Adapter Version: 11.0.82
Solid Edge Version: 223.00.00.101 x64

STEP Export Options
Export Format: AP214
Export Construction Sheets: Off
Export Construction Solids: Off
Export Construction Wires: Off
Export Displayed Parts Only: Off
Export Units: Millimeters
Export Part Component Names As Unicode: Off
Export PMI: Off

Phase 1 of 1 Translating Parasolid to foreign data types...
Translation process completed
Time required to translate:00 : 00 : 01
