STEP translation to Solid Edge
Date: Thursday,March 14,2024 02:22pm
Source File: C:\Users\OWNER\Documents\HRG\CADs\RoomTCell\VC23W4UV-Step.step
Author: Unknown
Organization: Unknown
Source System: SolidWorks 2018

Hardware:
Processor: Intel(R) Core(TM) i5-8365U CPU @ 1.60GHz
Operating System: Windows 11 Professional Version:23H2 Build:22631 System Type:64-bit
Installed Memory: 7.8 GB

Software Information
Parasolid Version: 35.0.149
PSBodyShop Version: 35.0.82
Step Adapter Version: 11.0.82
Solid Edge Version: 223.00.00.101 x64

Step Import Options
Import Faceted Bodies: On
Import Check Bodies: Off
Import Curves: On
Import DoNotSave: On
Import Multiple Bodies As Single Part File: On
Import Stitch Surfaces: On
Import Boolean Solids: On
Make Base Feature: On
Simplify Geometry: On
Import Imprint Curves: On
Import Drive: C:
Import Stitch Surfaces: On
Import Surfaces: On
Import Output Path: C:\Users\OWNER\Documents\HRG\CADs\RoomTCell
Import Enable Default Output Path: On
Import PMI: Off
Import As Internal Components: Off
Import Path: 

Translating to Parasolid data types...
Translation process completed
Total time required to translate and post process:00 : 00 : 04
